<?xml version="1.0" encoding="UTF-8"?>
<testng-results ignored="0" total="3" passed="2" failed="1" skipped="0">
  <reporter-output>
  </reporter-output>
  <suite started-at="2024-11-19T15:01:36 IST" name="Default suite" finished-at="2024-11-19T15:04:37 IST" duration-ms="180780">
    <groups>
    </groups>
    <test started-at="2024-11-19T15:01:36 IST" name="Default test" finished-at="2024-11-19T15:04:37 IST" duration-ms="180780">
      <class name="GTask.myyapp.Sanity">
        <test-method is-config="true" signature="setup()[pri:0, instance:GTask.myyapp.Sanity@2ea41516]" started-at="2024-11-19T15:01:36 IST" name="setup" finished-at="2024-11-19T15:01:47 IST" duration-ms="10897" status="PASS">
          <reporter-output>
          </reporter-output>
        </test-method> <!-- setup -->
        <test-method signature="testSanity()[pri:1, instance:GTask.myyapp.Sanity@2ea41516]" started-at="2024-11-19T15:01:47 IST" name="testSanity" finished-at="2024-11-19T15:01:48 IST" duration-ms="626" status="PASS">
          <reporter-output>
          </reporter-output>
        </test-method> <!-- testSanity -->
        <test-method signature="homepagecontent()[pri:2, instance:GTask.myyapp.Sanity@2ea41516]" started-at="2024-11-19T15:01:48 IST" name="homepagecontent" finished-at="2024-11-19T15:01:49 IST" duration-ms="675" status="FAIL">
          <exception class="java.lang.AssertionError">
            <message>
              <![CDATA[Sudha Gopalakrishnan Brain Centre expected:<Sudha Gopalakrishnan Brain Centre> but was:<Heading1 are not equal>]]>
            </message>
            <full-stacktrace>
              <![CDATA[java.lang.AssertionError: Sudha Gopalakrishnan Brain Centre expected:<Sudha Gopalakrishnan Brain Centre> but was:<Heading1 are not equal>
at org.testng.AssertJUnit.assertEquals(AssertJUnit.java:115)
at GTask.myyapp.Sanity.homepagecontent(Sanity.java:55)
at java.base/jdk.internal.reflect.NativeMethodAccessorImpl.invoke0(Native Method)
at java.base/jdk.internal.reflect.NativeMethodAccessorImpl.invoke(NativeMethodAccessorImpl.java:77)
at java.base/jdk.internal.reflect.DelegatingMethodAccessorImpl.invoke(DelegatingMethodAccessorImpl.java:43)
at java.base/java.lang.reflect.Method.invoke(Method.java:568)
at org.testng.internal.MethodInvocationHelper.invokeMethod(MethodInvocationHelper.java:133)
at org.testng.internal.TestInvoker.invokeMethod(TestInvoker.java:598)
at org.testng.internal.TestInvoker.invokeTestMethod(TestInvoker.java:173)
at org.testng.internal.MethodRunner.runInSequence(MethodRunner.java:46)
at org.testng.internal.TestInvoker$MethodInvocationAgent.invoke(TestInvoker.java:824)
at org.testng.internal.TestInvoker.invokeTestMethods(TestInvoker.java:146)
at org.testng.internal.TestMethodWorker.invokeTestMethods(TestMethodWorker.java:146)
at org.testng.internal.TestMethodWorker.run(TestMethodWorker.java:128)
at java.base/java.util.ArrayList.forEach(ArrayList.java:1511)
at org.testng.TestRunner.privateRun(TestRunner.java:794)
at org.testng.TestRunner.run(TestRunner.java:596)
at org.testng.SuiteRunner.runTest(SuiteRunner.java:377)
at org.testng.SuiteRunner.runSequentially(SuiteRunner.java:371)
at org.testng.SuiteRunner.privateRun(SuiteRunner.java:332)
at org.testng.SuiteRunner.run(SuiteRunner.java:276)
at org.testng.SuiteRunnerWorker.runSuite(SuiteRunnerWorker.java:53)
at org.testng.SuiteRunnerWorker.run(SuiteRunnerWorker.java:96)
at org.testng.TestNG.runSuitesSequentially(TestNG.java:1212)
at org.testng.TestNG.runSuitesLocally(TestNG.java:1134)
at org.testng.TestNG.runSuites(TestNG.java:1063)
at org.testng.TestNG.run(TestNG.java:1031)
at org.testng.remote.AbstractRemoteTestNG.run(AbstractRemoteTestNG.java:115)
at org.testng.remote.RemoteTestNG.initAndRun(RemoteTestNG.java:293)
at org.testng.remote.RemoteTestNG.main(RemoteTestNG.java:91)
]]>
            </full-stacktrace>
          </exception> <!-- java.lang.AssertionError -->
          <reporter-output>
          </reporter-output>
        </test-method> <!-- homepagecontent -->
        <test-method signature="LinkValidation()[pri:3, instance:GTask.myyapp.Sanity@2ea41516]" started-at="2024-11-19T15:01:49 IST" name="LinkValidation" finished-at="2024-11-19T15:04:37 IST" duration-ms="168269" status="PASS">
          <reporter-output>
          </reporter-output>
        </test-method> <!-- LinkValidation -->
        <test-method is-config="true" signature="tearDown()[pri:0, instance:GTask.myyapp.Sanity@2ea41516]" started-at="2024-11-19T15:04:37 IST" name="tearDown" finished-at="2024-11-19T15:04:37 IST" duration-ms="281" status="PASS">
          <reporter-output>
          </reporter-output>
        </test-method> <!-- tearDown -->
      </class> <!-- GTask.myyapp.Sanity -->
    </test> <!-- Default test -->
  </suite> <!-- Default suite -->
</testng-results>
